#
# There is insufficient memory for the Java Runtime Environment to continue.
# Native memory allocation (malloc) failed to allocate 509072 bytes for Chunk::new
# Possible reasons:
#   The system is out of physical RAM or swap space
#   In 32 bit mode, the process size limit was hit
# Possible solutions:
#   Reduce memory load on the system
#   Increase physical memory or swap space
#   Check if swap backing store is full
#   Use 64 bit Java on a 64 bit OS
#   Decrease Java heap size (-Xmx/-Xms)
#   Decrease number of Java threads
#   Decrease Java thread stack sizes (-Xss)
#   Set larger code cache with -XX:ReservedCodeCacheSize=
# This output file may be truncated or incomplete.
#
#  Out of Memory Error (allocation.cpp:390), pid=8672, tid=7636
#
# JRE version: Java(TM) SE Runtime Environment (8.0_73-b02) (build 1.8.0_73-b02)
# Java VM: Java HotSpot(TM) 64-Bit Server VM (25.73-b02 mixed mode windows-amd64 compressed oops)
# Failed to write core dump. Minidumps are not enabled by default on client versions of Windows
#

---------------  T H R E A D  ---------------

Current thread (0x0000000014ac1800):  JavaThread "C2 CompilerThread1" daemon [_thread_in_native, id=7636, stack(0x00000000161f0000,0x00000000162f0000)]

Stack: [0x00000000161f0000,0x00000000162f0000]
[error occurred during error reporting (printing stack bounds), id 0xc0000005]

Native frames: (J=compiled Java code, j=interpreted, Vv=VM code, C=native code)


Current CompileTask:
C2:    736  879       4       com.android.dx.rop.code.LocalVariableExtractor::processBlock (327 bytes)


---------------  P R O C E S S  ---------------

Java Threads: ( => current thread )
  0x000000001652f000 JavaThread "pool-2-thread-1" [_thread_blocked, id=968, stack(0x0000000016af0000,0x0000000016bf0000)]
  0x00000000164d2800 JavaThread "pool-1-thread-1" [_thread_blocked, id=3360, stack(0x00000000169f0000,0x0000000016af0000)]
  0x000000001641d000 JavaThread "Service Thread" daemon [_thread_blocked, id=4056, stack(0x00000000167f0000,0x00000000168f0000)]
  0x0000000014ac8000 JavaThread "C1 CompilerThread2" daemon [_thread_blocked, id=7112, stack(0x00000000162f0000,0x00000000163f0000)]
=>0x0000000014ac1800 JavaThread "C2 CompilerThread1" daemon [_thread_in_native, id=7636, stack(0x00000000161f0000,0x00000000162f0000)]
  0x0000000014abf800 JavaThread "C2 CompilerThread0" daemon [_thread_blocked, id=3396, stack(0x00000000160f0000,0x00000000161f0000)]
  0x0000000014abe000 JavaThread "Attach Listener" daemon [_thread_blocked, id=3000, stack(0x0000000015ff0000,0x00000000160f0000)]
  0x0000000014abd000 JavaThread "Signal Dispatcher" daemon [_thread_blocked, id=9004, stack(0x0000000015ef0000,0x0000000015ff0000)]
  0x00000000023c8800 JavaThread "Finalizer" daemon [_thread_blocked, id=4768, stack(0x0000000015d10000,0x0000000015e10000)]
  0x00000000023c0000 JavaThread "Reference Handler" daemon [_thread_blocked, id=1516, stack(0x0000000015c10000,0x0000000015d10000)]
  0x00000000022d0800 JavaThread "main" [_thread_in_native, id=8152, stack(0x00000000021d0000,0x00000000022d0000)]

Other Threads:
  0x0000000014a89000 VMThread [stack: 0x0000000015b10000,0x0000000015c10000] [id=6908]
  0x000000001642b000 WatcherThread [stack: 0x00000000168f0000,0x00000000169f0000] [id=2896]

VM state:not at safepoint (normal execution)

VM Mutex/Monitor currently owned by a thread: None

Heap:
 PSYoungGen      total 18944K, used 8616K [0x00000000eab00000, 0x00000000ed000000, 0x0000000100000000)
  eden space 16384K, 37% used [0x00000000eab00000,0x00000000eb0f0f20,0x00000000ebb00000)
  from space 2560K, 98% used [0x00000000ebb00000,0x00000000ebd79248,0x00000000ebd80000)
  to   space 2560K, 0% used [0x00000000ecd80000,0x00000000ecd80000,0x00000000ed000000)
 ParOldGen       total 44032K, used 4671K [0x00000000c0000000, 0x00000000c2b00000, 0x00000000eab00000)
  object space 44032K, 10% used [0x00000000c0000000,0x00000000c048ffa0,0x00000000c2b00000)
 Metaspace       used 5006K, capacity 6416K, committed 6528K, reserved 1056768K
  class space    used 519K, capacity 584K, committed 640K, reserved 1048576K

Card table byte_map: [0x0000000011790000,0x00000000119a0000] byte_map_base: 0x0000000011190000

Marking Bits: (ParMarkBitMap*) 0x00000000747e0600
 Begin Bits: [0x0000000011f00000, 0x0000000012f00000)
 End Bits:   [0x0000000012f00000, 0x0000000013f00000)

Polling page: 0x0000000000430000

CodeCache: size=245760Kb used=4165Kb max_used=4178Kb free=241594Kb
 bounds [0x00000000023d0000, 0x00000000027f0000, 0x00000000113d0000]
 total_blobs=1195 nmethods=935 adapters=173
 compilation: enabled

Compilation events (10 events):
Event: 0.677 Thread 0x0000000014ac8000 nmethod 902 0x000000000279edd0 code [0x000000000279ef80, 0x000000000279f498]
Event: 0.677 Thread 0x0000000014ac8000  903       3       com.android.dx.dex.file.StringIdItem::<init> (29 bytes)
Event: 0.677 Thread 0x0000000014ac8000 nmethod 903 0x00000000027a6a50 code [0x00000000027a6be0, 0x00000000027a6f88]
Event: 0.677 Thread 0x0000000014ac8000  904  s    3       com.android.dx.dex.file.StringIdsSection::intern (53 bytes)
Event: 0.678 Thread 0x0000000014ac8000 nmethod 904 0x00000000027a7110 code [0x00000000027a72e0, 0x00000000027a7c58]
Event: 0.678 Thread 0x0000000014ac8000  905       3       com.android.dx.cf.attrib.AttLocalVariableTable::<init> (8 bytes)
Event: 0.679 Thread 0x0000000014ac8000 nmethod 905 0x000000000275c210 code [0x000000000275c380, 0x000000000275c528]
Event: 0.679 Thread 0x0000000014ac8000  906       3       com.android.dx.cf.direct.StdAttributeFactory::code (613 bytes)
Event: 0.686 Thread 0x0000000014abf800 nmethod 886 0x00000000027ab490 code [0x00000000027ab660, 0x00000000027abe90]
Event: 0.686 Thread 0x0000000014abf800  901       4       com.android.dx.util.LabeledList::set (45 bytes)

GC Heap History (2 events):
Event: 0.620 GC heap before
{Heap before GC invocations=1 (full 0):
 PSYoungGen      total 18944K, used 16384K [0x00000000eab00000, 0x00000000ec000000, 0x0000000100000000)
  eden space 16384K, 100% used [0x00000000eab00000,0x00000000ebb00000,0x00000000ebb00000)
  from space 2560K, 0% used [0x00000000ebd80000,0x00000000ebd80000,0x00000000ec000000)
  to   space 2560K, 0% used [0x00000000ebb00000,0x00000000ebb00000,0x00000000ebd80000)
 ParOldGen       total 44032K, used 0K [0x00000000c0000000, 0x00000000c2b00000, 0x00000000eab00000)
  object space 44032K, 0% used [0x00000000c0000000,0x00000000c0000000,0x00000000c2b00000)
 Metaspace       used 4972K, capacity 6416K, committed 6528K, reserved 1056768K
  class space    used 519K, capacity 584K, committed 640K, reserved 1048576K
Event: 0.631 GC heap after
Heap after GC invocations=1 (full 0):
 PSYoungGen      total 18944K, used 2532K [0x00000000eab00000, 0x00000000ed000000, 0x0000000100000000)
  eden space 16384K, 0% used [0x00000000eab00000,0x00000000eab00000,0x00000000ebb00000)
  from space 2560K, 98% used [0x00000000ebb00000,0x00000000ebd79248,0x00000000ebd80000)
  to   space 2560K, 0% used [0x00000000ecd80000,0x00000000ecd80000,0x00000000ed000000)
 ParOldGen       total 44032K, used 4671K [0x00000000c0000000, 0x00000000c2b00000, 0x00000000eab00000)
  object space 44032K, 10% used [0x00000000c0000000,0x00000000c048ffa0,0x00000000c2b00000)
 Metaspace       used 4972K, capacity 6416K, committed 6528K, reserved 1056768K
  class space    used 519K, capacity 584K, committed 640K, reserved 1048576K
}

Deoptimization events (10 events):
Event: 0.269 Thread 0x00000000022d0800 Uncommon trap: reason=unstable_if action=reinterpret pc=0x0000000002567440 method=com.android.dx.rop.cst.CstFieldRef.compareTo0(Lcom/android/dx/rop/cst/Constant;)I @ 7
Event: 0.270 Thread 0x00000000022d0800 Uncommon trap: reason=unstable_if action=reinterpret pc=0x00000000025852dc method=java.lang.String.<init>([CII)V @ 18
Event: 0.429 Thread 0x00000000164d2800 Uncommon trap: reason=unstable_if action=reinterpret pc=0x00000000025959bc method=com.android.dx.util.IntList.add(I)V @ 53
Event: 0.443 Thread 0x00000000022d0800 Uncommon trap: reason=unstable_if action=reinterpret pc=0x00000000025cad08 method=java.util.HashMap.getNode(ILjava/lang/Object;)Ljava/util/HashMap$Node; @ 62
Event: 0.451 Thread 0x00000000022d0800 Uncommon trap: reason=unstable_if action=reinterpret pc=0x00000000026168b8 method=com.android.dx.cf.code.Ropper.labelToResultIndex(I)I @ 34
Event: 0.544 Thread 0x00000000022d0800 Uncommon trap: reason=unstable_if action=reinterpret pc=0x00000000026edb2c method=com.android.dx.rop.code.RegisterSpecSet.put(Lcom/android/dx/rop/code/RegisterSpec;)V @ 77
Event: 0.544 Thread 0x00000000022d0800 Uncommon trap: reason=unstable_if action=reinterpret pc=0x00000000026f1460 method=com.android.dx.rop.code.RegisterSpecSet.put(Lcom/android/dx/rop/code/RegisterSpec;)V @ 77
Event: 0.669 Thread 0x00000000164d2800 Uncommon trap: reason=class_check action=maybe_recompile pc=0x000000000276ff64 method=com.android.dx.cf.code.BytecodeArray.parseInstruction(ILcom/android/dx/cf/code/BytecodeArray$Visitor;)I @ 2002
Event: 0.669 Thread 0x00000000164d2800 Uncommon trap: reason=class_check action=maybe_recompile pc=0x000000000276ff64 method=com.android.dx.cf.code.BytecodeArray.parseInstruction(ILcom/android/dx/cf/code/BytecodeArray$Visitor;)I @ 2002
Event: 0.669 Thread 0x00000000164d2800 Uncommon trap: reason=class_check action=maybe_recompile pc=0x000000000276ff64 method=com.android.dx.cf.code.BytecodeArray.parseInstruction(ILcom/android/dx/cf/code/BytecodeArray$Visitor;)I @ 2002

Internal exceptions (2 events):
Event: 0.046 Thread 0x00000000022d0800 Exception <a 'java/lang/NoSuchMethodError': Method sun.misc.Unsafe.defineClass(Ljava/lang/String;[BII)Ljava/lang/Class; name or signature does not match> (0x00000000eab0d660) thrown at [D:\re\puppet\workspace\8-2-build-windows-amd64-cygwin\jdk8u73\6086\hot/!â²ûa§?
Event: 0.046 Thread 0x00000000022d0800 Exception <a 'java/lang/NoSuchMethodError': Method sun.misc.Unsafe.prefetchRead(Ljava/lang/Object;J)V name or signature does not match> (0x00000000eab0d948) thrown at [D:\re\puppet\workspace\8-2-build-windows-amd64-cygwin\jdk8u73\6086\hotspot\src\share\vm\

Events (10 events):
Event: 0.631 Executing VM operation: ParallelGCFailedAllocation done
Event: 0.669 Thread 0x00000000164d2800 Uncommon trap: trap_request=0xffffffde fr.pc=0x000000000276ff64
Event: 0.669 Thread 0x00000000164d2800 DEOPT PACKING pc=0x000000000276ff64 sp=0x0000000016aee720
Event: 0.669 Thread 0x00000000164d2800 DEOPT UNPACKING pc=0x000000000241582a sp=0x0000000016aee688 mode 2
Event: 0.669 Thread 0x00000000164d2800 Uncommon trap: trap_request=0xffffffde fr.pc=0x000000000276ff64
Event: 0.669 Thread 0x00000000164d2800 DEOPT PACKING pc=0x000000000276ff64 sp=0x0000000016aee720
Event: 0.669 Thread 0x00000000164d2800 DEOPT UNPACKING pc=0x000000000241582a sp=0x0000000016aee688 mode 2
Event: 0.669 Thread 0x00000000164d2800 Uncommon trap: trap_request=0xffffffde fr.pc=0x000000000276ff64
Event: 0.669 Thread 0x00000000164d2800 DEOPT PACKING pc=0x000000000276ff64 sp=0x0000000016aee720
Event: 0.669 Thread 0x00000000164d2800 DEOPT UNPACKING pc=0x000000000241582a sp=0x0000000016aee688 mode 2


Dynamic libraries:
0x00007ff67dcb0000 - 0x00007ff67dce7000 	C:\PROGRA~1\Java\JRE18~1.0_7\bin\java.exe
0x00007fff1d8c0000 - 0x00007fff1da81000 	C:\WINDOWS\SYSTEM32\ntdll.dll
0x00007fff1d450000 - 0x00007fff1d4fd000 	C:\WINDOWS\system32\KERNEL32.DLL
0x00007fff1aa80000 - 0x00007fff1ac68000 	C:\WINDOWS\system32\KERNELBASE.dll
0x00007fff1d320000 - 0x00007fff1d3c7000 	C:\WINDOWS\system32\ADVAPI32.dll
0x00007fff1d6d0000 - 0x00007fff1d76d000 	C:\WINDOWS\system32\msvcrt.dll
0x00007fff1cc30000 - 0x00007fff1cc8b000 	C:\WINDOWS\system32\sechost.dll
0x00007fff1c500000 - 0x00007fff1c61c000 	C:\WINDOWS\system32\RPCRT4.dll
0x00007fff1c3a0000 - 0x00007fff1c4f6000 	C:\WINDOWS\system32\USER32.dll
0x00007fff1d540000 - 0x00007fff1d6c6000 	C:\WINDOWS\system32\GDI32.dll
0x00007fff09a60000 - 0x00007fff09cd4000 	C:\WINDOWS\WinSxS\amd64_microsoft.windows.common-controls_6595b64144ccf1df_6.0.10586.0_none_8c15ae12515e1c22\COMCTL32.dll
0x00007fff1d0a0000 - 0x00007fff1d31d000 	C:\WINDOWS\system32\combase.dll
0x00007fff1a810000 - 0x00007fff1a87a000 	C:\WINDOWS\system32\bcryptPrimitives.dll
0x00007fff1d500000 - 0x00007fff1d53b000 	C:\WINDOWS\system32\IMM32.DLL
0x00000000751e0000 - 0x00000000752b2000 	C:\PROGRA~1\Java\JRE18~1.0_7\bin\msvcr100.dll
0x0000000073fd0000 - 0x0000000074860000 	C:\PROGRA~1\Java\JRE18~1.0_7\bin\server\jvm.dll
0x00007fff1d3d0000 - 0x00007fff1d3d8000 	C:\WINDOWS\system32\PSAPI.DLL
0x00007fff17be0000 - 0x00007fff17c03000 	C:\WINDOWS\SYSTEM32\WINMM.dll
0x00007fff14610000 - 0x00007fff1461a000 	C:\WINDOWS\SYSTEM32\VERSION.dll
0x00007fff10a00000 - 0x00007fff10a09000 	C:\WINDOWS\SYSTEM32\WSOCK32.dll
0x00007fff1d3e0000 - 0x00007fff1d44b000 	C:\WINDOWS\system32\WS2_32.dll
0x0000000000a40000 - 0x0000000000a6c000 	C:\WINDOWS\SYSTEM32\WINMMBASE.dll
0x00007fff1ac70000 - 0x00007fff1acb3000 	C:\WINDOWS\system32\cfgmgr32.dll
0x0000000075750000 - 0x000000007575f000 	C:\PROGRA~1\Java\JRE18~1.0_7\bin\verify.dll
0x0000000075670000 - 0x0000000075699000 	C:\PROGRA~1\Java\JRE18~1.0_7\bin\java.dll
0x0000000075650000 - 0x0000000075666000 	C:\PROGRA~1\Java\JRE18~1.0_7\bin\zip.dll
0x00007fff1ae40000 - 0x00007fff1c39c000 	C:\WINDOWS\system32\SHELL32.dll
0x00007fff19f70000 - 0x00007fff1a5b5000 	C:\WINDOWS\system32\windows.storage.dll
0x00007fff1cfc0000 - 0x00007fff1d012000 	C:\WINDOWS\system32\shlwapi.dll
0x00007fff19f60000 - 0x00007fff19f6f000 	C:\WINDOWS\system32\kernel.appcore.dll
0x00007fff1a9c0000 - 0x00007fff1aa75000 	C:\WINDOWS\system32\shcore.dll
0x00007fff19f00000 - 0x00007fff19f4b000 	C:\WINDOWS\system32\powrprof.dll
0x00007fff19ee0000 - 0x00007fff19ef4000 	C:\WINDOWS\system32\profapi.dll

VM Arguments:
jvm_args: -Xmx1024M -Xss1m -Djava.ext.dirs=C:\Users\Nikhat\AppData\Local\Android\sdk\build-tools\23.0.1\lib 
java_command: C:\Users\Nikhat\AppData\Local\Android\sdk\build-tools\23.0.1\lib\dx.jar --dex --no-optimize --output F:\young Decade\Recruitment\app\build\intermediates\dex\debug --input-list=F:\young Decade\Recruitment\app\build\intermediates\tmp\dex\debug\inputList.txt
java_class_path (initial): C:\Users\Nikhat\AppData\Local\Android\sdk\build-tools\23.0.1\lib\dx.jar
Launcher Type: SUN_STANDARD

Environment Variables:
PATH=C:\Program Files\Java\jre1.8.0_73\bin;C:\Program Files\Java\jdk1.8.0_73\bin;C:\ProgramData\Oracle\Java\javapath;C:\Program Files (x86)\Intel\iCLS Client\;C:\Program Files\Intel\iCLS Client\;C:\Program Files (x86)\AMD APP\bin\x86_64;C:\Program Files (x86)\AMD APP\bin\x86;C:\WINDOWS\system32;C:\WINDOWS;C:\WINDOWS\System32\Wbem;C:\WINDOWS\System32\WindowsPowerShell\v1.0\;C:\Program Files (x86)\ATI Technologies\ATI.ACE\Core-Static;C:\Program Files\Intel\Intel(R) Management Engine Components\DAL;C:\Program Files\Intel\Intel(R) Management Engine Components\IPT;C:\Program Files (x86)\Intel\Intel(R) Management Engine Components\DAL;C:\Program Files (x86)\Intel\Intel(R) Management Engine Components\IPT;C:\Program Files\Sony\VAIO Improvement\;C:\Program Files (x86)\Sony\VAIO Startup Setting Tool
USERNAME=Nikhat
OS=Windows_NT
PROCESSOR_IDENTIFIER=Intel64 Family 6 Model 58 Stepping 9, GenuineIntel



---------------  S Y S T E M  ---------------

OS: Windows 10.0 , 64 bit Build 10586 (10.0.10586.0)

CPU:total 4 (2 cores per cpu, 2 threads per core) family 6 model 58 stepping 9, cmov, cx8, fxsr, mmx, sse, sse2, sse3, ssse3, sse4.1, sse4.2, popcnt, avx, aes, clmul, erms, ht, tsc, tscinvbit, tscinv

Memory: 4k page, physical 4140316k(214216k free), swap 16723228k(5252k free)

vm_info: Java HotSpot(TM) 64-Bit Server VM (25.73-b02) for windows-amd64 JRE (1.8.0_73-b02), built on Jan 29 2016 17:38:49 by "java_re" with MS VC++ 10.0 (VS2010)

time: Tue Apr 12 22:28:20 2016
elapsed time: 0 seconds (0d 0h 0m 0s)

